[18:33:13] [main/INFO] (FabricLoader/GameProvider) Loading Minecraft 1.21.10 with Fabric Loader 0.17.2
[18:33:13] [main/INFO] (FabricLoader) Loading 56 mods:
	- anemos 1.2.0
	- fabric-api 0.134.1+1.21.10
	- fabric-api-base 1.0.0+14b92d8968
	- fabric-api-lookup-api-v1 1.6.106+d176821568
	- fabric-biome-api-v1 16.1.0+c2417d4f68
	- fabric-block-api-v1 1.1.5+d176821568
	- fabric-block-view-api-v2 1.0.34+e4fd1b9268
	- fabric-client-gametest-api-v1 4.2.13+14b92d8968
	- fabric-command-api-v2 2.3.7+328a75ba68
	- fabric-content-registries-v0 10.2.3+b6a2426468
	- fabric-convention-tags-v1 2.1.47+7f945d5b68
	- fabric-convention-tags-v2 2.15.12+3154c1c868
	- fabric-crash-report-info-v1 0.3.18+33df5e6e68
	- fabric-data-attachment-api-v1 1.8.28+9bce411b68
	- fabric-data-generation-api-v1 23.2.22+d8b85ef168
	- fabric-dimensions-v1 4.0.22+38b9cc1968
	- fabric-entity-events-v1 2.1.12+14b92d8968
	- fabric-events-interaction-v0 4.0.35+5ba2171268
	- fabric-game-rule-api-v1 1.1.1+e47eaae568
	- fabric-gametest-api-v1 3.1.18+33df5e6e68
	- fabric-item-api-v1 11.5.8+9bce411b68
	- fabric-item-group-api-v1 4.2.24+86b3ae5768
	- fabric-key-binding-api-v1 1.1.1+b3ba9c4868
	- fabric-language-kotlin 1.12.1+kotlin.2.0.20
	- fabric-lifecycle-events-v1 2.6.9+33df5e6e68
	- fabric-loot-api-v2 3.0.64+3f89f5a568
	- fabric-loot-api-v3 2.0.11+d176821568
	- fabric-message-api-v1 6.1.7+3154c1c868
	- fabric-model-loading-api-v1 6.0.0+3ffd6ef068
	- fabric-networking-api-v1 5.0.13+d269470c68
	- fabric-object-builder-api-v1 21.1.24+9bce411b68
	- fabric-particles-v1 4.2.2+a0ee59a468
	- fabric-permissions-api-v0 0.4.0
	- fabric-recipe-api-v1 8.1.26+d176821568
	- fabric-registry-sync-v0 6.1.41+679c8c5c68
	- fabric-renderer-api-v1 7.1.1+328a75ba68
	- fabric-renderer-indigo 4.0.19+328a75ba68
	- fabric-rendering-fluids-v1 3.1.38+86b3ae5768
	- fabric-rendering-v1 16.0.1+328a75ba68
	- fabric-resource-conditions-api-v1 5.0.28+33df5e6e68
	- fabric-resource-loader-v0 3.2.2+3388a3b268
	- fabric-resource-loader-v1 1.0.2+225bca4068
	- fabric-screen-api-v1 3.1.0+9c82a79868
	- fabric-screen-handler-api-v1 1.3.150+d176821568
	- fabric-serialization-api-v1 1.0.0+d857c97668
	- fabric-sound-api-v1 1.0.45+328a75ba68
	- fabric-tag-api-v1 1.2.10+2fa446b268
	- fabric-transfer-api-v1 6.0.15+79ec2c1268
	- fabric-transitive-access-wideners-v1 6.5.3+41eb434368
	- fabricloader 0.17.2
	- fzzy_config 0.7.2+1.21.9
	- java 21
	- minecraft 1.21.10
	- mixinextras 0.5.0
	- modmenu 16.0.0-rc.1
	- sodium 0.7.0+mc1.21.9
[18:33:14] [main/INFO] (FabricLoader/Mixin) SpongePowered MIXIN Subsystem Version=0.8.7 Source=file:/home/princ/.gradle/caches/modules-2/files-2.1/net.fabricmc/sponge-mixin/0.16.3+mixin.0.8.7/3e535042688d1265447e52ad86950b7d9678a5fa/sponge-mixin-0.16.3+mixin.0.8.7.jar Service=Knot/Fabric Env=CLIENT
[18:33:14] [main/INFO] (FabricLoader/Mixin) Loaded Fabric development mappings for mixin remapper!
[18:33:14] [main/INFO] (FabricLoader/Mixin) Compatibility level set to JAVA_21
[18:33:14] [main/INFO] (Sodium) Loaded configuration file for Sodium: 42 options available, 0 override(s) found
[18:33:15] [main/INFO] (Sodium-GraphicsAdapterProbe) Searching for graphics cards...
[18:33:15] [main/INFO] (Sodium-GraphicsAdapterProbe) Found graphics adapter: LinuxPciAdapterInfo[vendor=INTEL, name=Alder Lake-P Integrated Graphics Controller, pciVendorId=0x8086, pciDeviceId=0x4626]
[18:33:15] [main/WARN] (Sodium-Workarounds) Sodium has applied one or more workarounds to prevent crashes or other issues on your system: [NO_ERROR_CONTEXT_UNSUPPORTED]
[18:33:15] [main/WARN] (Sodium-Workarounds) This is not necessarily an issue, but it may result in certain features or optimizations being disabled. You can sometimes fix these issues by upgrading your graphics driver.
[18:33:16] [main/INFO] (FabricLoader/MixinExtras|Service) Initializing MixinExtras via com.llamalad7.mixinextras.service.MixinExtrasServiceImpl(version=0.5.0).
[18:33:18] [Datafixer Bootstrap/INFO] (Minecraft) 278 Datafixer optimizations took 823 milliseconds
[18:33:25] [Render thread/INFO] (Minecraft) Environment: Environment[sessionHost=https://sessionserver.mojang.com, servicesHost=https://api.minecraftservices.com, profilesHost=https://api.mojang.com, name=PROD]
[18:33:25] [Render thread/INFO] (Minecraft) Setting user: Player12
[18:33:27] [Render thread/INFO] (fzzy_config) Loaded config fzzy_config:keybinds in 246ms
[18:33:27] [Render thread/INFO] (Mod Menu/Update Checker) Checking mod updates...
[18:33:27] [Render thread/INFO] (Indigo) [Indigo] Different rendering plugin detected; not applying Indigo.
[18:33:28] [Render thread/INFO] (fzzy_config) Loaded config anemos:general in 205ms
[18:33:28] [Render thread/INFO] (fzzy_config) Loaded config anemos:internal in 95ms
[18:33:28] [Render thread/INFO] (Minecraft) Backend library: LWJGL version 3.3.3-snapshot
[18:33:28] [Render thread/INFO] (Minecraft) OpenGL Vendor: Intel
[18:33:28] [Render thread/INFO] (Minecraft) OpenGL Renderer: Mesa Intel(R) Graphics (ADL GT2)
[18:33:28] [Render thread/INFO] (Minecraft) OpenGL Version: 4.6 (Core Profile) Mesa 25.2.3-arch1.2
[18:33:28] [Render thread/INFO] (Minecraft) Using optional rendering extensions: GL_ARB_buffer_storage, GL_KHR_debug, GL_ARB_vertex_attrib_binding, GL_ARB_direct_state_access
[18:33:29] [Render thread/INFO] (Minecraft) Reloading ResourceManager: vanilla, fabric, anemos, fabric-api, fabric-api-base, fabric-api-lookup-api-v1, fabric-biome-api-v1, fabric-block-api-v1, fabric-block-view-api-v2, fabric-client-gametest-api-v1, fabric-command-api-v2, fabric-content-registries-v0, fabric-convention-tags-v1, fabric-convention-tags-v2, fabric-crash-report-info-v1, fabric-data-attachment-api-v1, fabric-data-generation-api-v1, fabric-dimensions-v1, fabric-entity-events-v1, fabric-events-interaction-v0, fabric-game-rule-api-v1, fabric-gametest-api-v1, fabric-item-api-v1, fabric-item-group-api-v1, fabric-key-binding-api-v1, fabric-language-kotlin, fabric-lifecycle-events-v1, fabric-loot-api-v2, fabric-loot-api-v3, fabric-message-api-v1, fabric-model-loading-api-v1, fabric-networking-api-v1, fabric-object-builder-api-v1, fabric-particles-v1, fabric-recipe-api-v1, fabric-registry-sync-v0, fabric-renderer-api-v1, fabric-renderer-indigo, fabric-rendering-fluids-v1, fabric-rendering-v1, fabric-resource-conditions-api-v1, fabric-resource-loader-v0, fabric-resource-loader-v1, fabric-screen-api-v1, fabric-screen-handler-api-v1, fabric-serialization-api-v1, fabric-sound-api-v1, fabric-tag-api-v1, fabric-transfer-api-v1, fabric-transitive-access-wideners-v1, fabricloader, fzzy_config, modmenu, sodium
[18:33:30] [Worker-Main-12/INFO] (Minecraft) Found unifont_pua-16.0.03.hex, loading
[18:33:30] [Worker-Main-4/INFO] (Minecraft) Found unifont_all_no_pua-16.0.03.hex, loading
[18:33:30] [Worker-Main-2/INFO] (Minecraft) Found unifont_jp_patch-16.0.03.hex, loading
[18:33:31] [Download-2/ERROR] (Minecraft) Failed to fetch user properties
com.mojang.authlib.exceptions.AuthenticationUnavailableException: null
	at knot/com.mojang.authlib.exceptions.MinecraftClientException.toAuthenticationException(MinecraftClientException.java:29) ~[authlib-7.0.61.jar:?]
	at knot/com.mojang.authlib.yggdrasil.YggdrasilUserApiService.fetchProperties(YggdrasilUserApiService.java:154) ~[authlib-7.0.61.jar:?]
	at knot/net.minecraft.client.Minecraft.method_55608(Minecraft.java:465) ~[minecraft-merged-1d612d25b0-1.21.10-loom.mappings.1_21_10.layered+hash.2198-v2.jar:?]
	at java.base/java.util.concurrent.CompletableFuture$AsyncSupply.run(CompletableFuture.java:1768) ~[?:?]
	at java.base/java.util.concurrent.ThreadPoolExecutor.runWorker(ThreadPoolExecutor.java:1144) ~[?:?]
	at java.base/java.util.concurrent.ThreadPoolExecutor$Worker.run(ThreadPoolExecutor.java:642) ~[?:?]
	at java.base/java.lang.Thread.run(Thread.java:1583) [?:?]
[18:33:32] [Render thread/INFO] (Minecraft) OpenAL initialized on device P47
[18:33:32] [Render thread/INFO] (Minecraft) Sound engine started
[18:33:32] [Render thread/INFO] (Minecraft) Created: 512x256x0 minecraft:textures/atlas/particles.png-atlas
[18:33:32] [Render thread/INFO] (Minecraft) Created: 128x64x0 minecraft:textures/atlas/decorated_pot.png-atlas
[18:33:32] [Render thread/INFO] (Minecraft) Created: 2048x1024x0 minecraft:textures/atlas/armor_trims.png-atlas
[18:33:32] [Render thread/INFO] (Minecraft) Created: 512x256x0 minecraft:textures/atlas/paintings.png-atlas
[18:33:32] [Render thread/INFO] (Minecraft) Created: 512x512x0 minecraft:textures/atlas/shield_patterns.png-atlas
[18:33:32] [Render thread/INFO] (Minecraft) Created: 1024x512x4 minecraft:textures/atlas/blocks.png-atlas
[18:33:32] [Render thread/INFO] (Minecraft) Created: 512x256x0 minecraft:textures/atlas/chest.png-atlas
[18:33:32] [Render thread/INFO] (Minecraft) Created: 512x512x0 minecraft:textures/atlas/banner_patterns.png-atlas
[18:33:32] [Render thread/INFO] (Minecraft) Created: 512x256x0 minecraft:textures/atlas/beds.png-atlas
[18:33:32] [Render thread/INFO] (Minecraft) Created: 1024x1024x0 minecraft:textures/atlas/gui.png-atlas
[18:33:33] [Render thread/INFO] (Minecraft) Created: 64x64x0 minecraft:textures/atlas/map_decorations.png-atlas
[18:33:33] [Render thread/INFO] (Minecraft) Created: 256x256x0 minecraft:textures/atlas/signs.png-atlas
[18:33:33] [Render thread/INFO] (Minecraft) Created: 512x256x0 minecraft:textures/atlas/shulker_boxes.png-atlas
[18:33:37] [Download-1/INFO] (Minecraft) Could not authorize you against Realms server: java.lang.RuntimeException: Failed to parse into SignedJWT: FabricMC
[18:33:37] [Download-1/ERROR] (Minecraft) Failed to fetch Realms feature flags
com.mojang.realmsclient.exception.RealmsServiceException: Realms authentication error with message 'java.lang.RuntimeException: Failed to parse into SignedJWT: FabricMC'
	at knot/com.mojang.realmsclient.client.RealmsClient.execute(RealmsClient.java:536) ~[minecraft-merged-1d612d25b0-1.21.10-loom.mappings.1_21_10.layered+hash.2198-v2.jar:?]
	at knot/com.mojang.realmsclient.client.RealmsClient.fetchFeatureFlags(RealmsClient.java:189) ~[minecraft-merged-1d612d25b0-1.21.10-loom.mappings.1_21_10.layered+hash.2198-v2.jar:?]
	at java.base/java.util.concurrent.CompletableFuture$AsyncSupply.run(CompletableFuture.java:1768) ~[?:?]
	at java.base/java.util.concurrent.ThreadPoolExecutor.runWorker(ThreadPoolExecutor.java:1144) ~[?:?]
	at java.base/java.util.concurrent.ThreadPoolExecutor$Worker.run(ThreadPoolExecutor.java:642) ~[?:?]
	at java.base/java.lang.Thread.run(Thread.java:1583) [?:?]
[18:33:37] [IO-Worker-1/INFO] (Minecraft) Could not authorize you against Realms server: java.lang.RuntimeException: Failed to parse into SignedJWT: FabricMC
[18:33:37] [IO-Worker-1/ERROR] (Minecraft) Couldn't connect to realms
com.mojang.realmsclient.exception.RealmsServiceException: Realms authentication error with message 'java.lang.RuntimeException: Failed to parse into SignedJWT: FabricMC'
	at knot/com.mojang.realmsclient.client.RealmsClient.execute(RealmsClient.java:536) ~[minecraft-merged-1d612d25b0-1.21.10-loom.mappings.1_21_10.layered+hash.2198-v2.jar:?]
	at knot/com.mojang.realmsclient.client.RealmsClient.clientCompatible(RealmsClient.java:316) ~[minecraft-merged-1d612d25b0-1.21.10-loom.mappings.1_21_10.layered+hash.2198-v2.jar:?]
	at knot/com.mojang.realmsclient.RealmsAvailability.method_52627(RealmsAvailability.java:49) ~[minecraft-merged-1d612d25b0-1.21.10-loom.mappings.1_21_10.layered+hash.2198-v2.jar:?]
	at java.base/java.util.concurrent.CompletableFuture$AsyncSupply.run(CompletableFuture.java:1768) ~[?:?]
	at java.base/java.util.concurrent.ThreadPoolExecutor.runWorker(ThreadPoolExecutor.java:1144) ~[?:?]
	at java.base/java.util.concurrent.ThreadPoolExecutor$Worker.run(ThreadPoolExecutor.java:642) ~[?:?]
	at java.base/java.lang.Thread.run(Thread.java:1583) [?:?]
[18:33:37] [Render thread/INFO] (Minecraft) Loaded 1461 recipes
[18:33:37] [Render thread/INFO] (Minecraft) Loaded 1574 advancements
[18:33:37] [Render thread/INFO] (BiomeModificationImpl) Applied 0 biome modifications to 0 of 65 new biomes in 2.025 ms
[18:33:37] [Server thread/INFO] (Minecraft) Starting integrated minecraft server version 1.21.10
[18:33:37] [Server thread/INFO] (Minecraft) Generating keypair
[18:33:38] [Server thread/INFO] (Minecraft) Loading 0 persistent chunks...
[18:33:38] [Server thread/INFO] (Minecraft) Preparing spawn area: 16%
[18:33:40] [Server thread/INFO] (Minecraft) Loading 49 chunks for player spawn...
[18:33:40] [Server thread/INFO] (Minecraft) Preparing spawn area: 16%
[18:33:40] [Server thread/INFO] (Minecraft) Preparing spawn area: 16%
[18:33:40] [Server thread/INFO] (Minecraft) Preparing spawn area: 16%
[18:33:40] [Server thread/INFO] (Minecraft) Preparing spawn area: 16%
[18:33:41] [Server thread/INFO] (Minecraft) Preparing spawn area: 100%
[18:33:41] [Server thread/INFO] (Minecraft) Time elapsed: 2554 ms
[18:33:41] [Server thread/INFO] (Minecraft) Player12[local:E:0d7e96b6] logged in with entity id 66 at (17.51169977077245, 105.36550840027436, 74.2616924616889)
[18:33:41] [Server thread/INFO] (Minecraft) Player12 joined the game
[18:33:41] [Render thread/INFO] (ChunkBuilder) Started 10 worker threads
[18:33:41] [Server thread/INFO] (Minecraft) Changing view distance to 12, from 10
[18:33:41] [Server thread/INFO] (Minecraft) Changing simulation distance to 12, from 0
[18:33:41] [Render thread/INFO] (Minecraft) Loaded 2 advancements
[18:33:42] [Render thread/INFO] (Minecraft) Resizing Dynamic Transforms UBO, capacity limit of 2 reached during a single frame. New capacity will be 4.
[18:33:42] [Render thread/INFO] (Minecraft) Resizing Dynamic Transforms UBO, capacity limit of 4 reached during a single frame. New capacity will be 8.
[18:33:54] [Render thread/INFO] (fzzy_config) Saved config general to file /home/princ/IdeaProjects/Anemos/dev/run/config/anemos/general.toml
[18:33:54] [Render thread/INFO] (fzzy_config) Saved config internal to file /home/princ/IdeaProjects/Anemos/dev/run/config/anemos/internal.toml
[18:33:55] [Render thread/INFO] (fzzy_config) Saved config general to file /home/princ/IdeaProjects/Anemos/dev/run/config/anemos/general.toml
[18:33:55] [Render thread/INFO] (fzzy_config) Saved config internal to file /home/princ/IdeaProjects/Anemos/dev/run/config/anemos/internal.toml
[18:33:57] [Render thread/INFO] (fzzy_config) Saved config general to file /home/princ/IdeaProjects/Anemos/dev/run/config/anemos/general.toml
[18:33:57] [Render thread/INFO] (fzzy_config) Saved config internal to file /home/princ/IdeaProjects/Anemos/dev/run/config/anemos/internal.toml
[18:33:58] [Render thread/INFO] (fzzy_config) Saved config general to file /home/princ/IdeaProjects/Anemos/dev/run/config/anemos/general.toml
[18:34:00] [Render thread/INFO] (fzzy_config) Saved config general to file /home/princ/IdeaProjects/Anemos/dev/run/config/anemos/general.toml
[18:34:01] [Render thread/INFO] (fzzy_config) Saved config general to file /home/princ/IdeaProjects/Anemos/dev/run/config/anemos/general.toml
[18:34:02] [Server thread/INFO] (Minecraft) Saving and pausing game...
[18:34:02] [Server thread/INFO] (Minecraft) Saving chunks for level 'ServerLevel[New World]'/minecraft:overworld
[18:34:02] [Server thread/INFO] (Minecraft) Saving chunks for level 'ServerLevel[New World]'/minecraft:the_nether
[18:34:02] [Server thread/INFO] (Minecraft) Saving chunks for level 'ServerLevel[New World]'/minecraft:the_end
[18:34:05] [Render thread/INFO] (fzzy_config) Saved config general to file /home/princ/IdeaProjects/Anemos/dev/run/config/anemos/general.toml
[18:34:05] [Render thread/INFO] (fzzy_config) Saved config internal to file /home/princ/IdeaProjects/Anemos/dev/run/config/anemos/internal.toml
[18:34:07] [Render thread/INFO] (fzzy_config) Saved config general to file /home/princ/IdeaProjects/Anemos/dev/run/config/anemos/general.toml
[18:34:07] [Render thread/INFO] (fzzy_config) Saved config internal to file /home/princ/IdeaProjects/Anemos/dev/run/config/anemos/internal.toml
[18:34:08] [Render thread/INFO] (fzzy_config) Saved config general to file /home/princ/IdeaProjects/Anemos/dev/run/config/anemos/general.toml
[18:34:08] [Render thread/INFO] (fzzy_config) Saved config general to file /home/princ/IdeaProjects/Anemos/dev/run/config/anemos/general.toml
[18:34:09] [Render thread/INFO] (fzzy_config) Saved config general to file /home/princ/IdeaProjects/Anemos/dev/run/config/anemos/general.toml
[18:34:10] [Render thread/INFO] (fzzy_config) Saved config general to file /home/princ/IdeaProjects/Anemos/dev/run/config/anemos/general.toml
[18:34:11] [Render thread/INFO] (fzzy_config) Saved config general to file /home/princ/IdeaProjects/Anemos/dev/run/config/anemos/general.toml
[18:34:11] [Render thread/INFO] (fzzy_config) Saved config internal to file /home/princ/IdeaProjects/Anemos/dev/run/config/anemos/internal.toml
[18:34:12] [Render thread/INFO] (fzzy_config) Saved config general to file /home/princ/IdeaProjects/Anemos/dev/run/config/anemos/general.toml
[18:34:12] [Render thread/INFO] (fzzy_config) Saved config internal to file /home/princ/IdeaProjects/Anemos/dev/run/config/anemos/internal.toml
[18:34:15] [Render thread/INFO] (fzzy_config) Saved config general to file /home/princ/IdeaProjects/Anemos/dev/run/config/anemos/general.toml
[18:34:15] [Render thread/INFO] (fzzy_config) Saved config internal to file /home/princ/IdeaProjects/Anemos/dev/run/config/anemos/internal.toml
[18:34:16] [Render thread/INFO] (fzzy_config) Saved config general to file /home/princ/IdeaProjects/Anemos/dev/run/config/anemos/general.toml
[18:34:16] [Render thread/INFO] (fzzy_config) Saved config internal to file /home/princ/IdeaProjects/Anemos/dev/run/config/anemos/internal.toml
[18:34:17] [Server thread/INFO] (Minecraft) Saving and pausing game...
[18:34:17] [Server thread/INFO] (Minecraft) Saving chunks for level 'ServerLevel[New World]'/minecraft:overworld
[18:34:17] [Server thread/INFO] (Minecraft) Saving chunks for level 'ServerLevel[New World]'/minecraft:the_nether
[18:34:17] [Server thread/INFO] (Minecraft) Saving chunks for level 'ServerLevel[New World]'/minecraft:the_end
[18:34:37] [Render thread/INFO] (Sodium) Flushed changes to Minecraft configuration
[18:34:39] [Render thread/INFO] (fzzy_config) Saved config general to file /home/princ/IdeaProjects/Anemos/dev/run/config/anemos/general.toml
[18:34:39] [Render thread/INFO] (fzzy_config) Saved config internal to file /home/princ/IdeaProjects/Anemos/dev/run/config/anemos/internal.toml
[18:34:43] [Render thread/INFO] (fzzy_config) Saved config general to file /home/princ/IdeaProjects/Anemos/dev/run/config/anemos/general.toml
[18:34:43] [Render thread/INFO] (fzzy_config) Saved config internal to file /home/princ/IdeaProjects/Anemos/dev/run/config/anemos/internal.toml
[18:34:43] [Server thread/INFO] (Minecraft) Saving and pausing game...
[18:34:43] [Server thread/INFO] (Minecraft) Saving chunks for level 'ServerLevel[New World]'/minecraft:overworld
[18:34:43] [Server thread/INFO] (Minecraft) Saving chunks for level 'ServerLevel[New World]'/minecraft:the_nether
[18:34:43] [Server thread/INFO] (Minecraft) Saving chunks for level 'ServerLevel[New World]'/minecraft:the_end
[18:34:48] [Render thread/INFO] (Sodium) Flushed changes to Minecraft configuration
[18:34:52] [Render thread/INFO] (fzzy_config) Saved config general to file /home/princ/IdeaProjects/Anemos/dev/run/config/anemos/general.toml
[18:34:52] [Render thread/INFO] (fzzy_config) Saved config internal to file /home/princ/IdeaProjects/Anemos/dev/run/config/anemos/internal.toml
[18:34:52] [Server thread/INFO] (Minecraft) Saving and pausing game...
[18:34:52] [Server thread/INFO] (Minecraft) Saving chunks for level 'ServerLevel[New World]'/minecraft:overworld
[18:34:52] [Server thread/INFO] (Minecraft) Saving chunks for level 'ServerLevel[New World]'/minecraft:the_nether
[18:34:52] [Server thread/INFO] (Minecraft) Saving chunks for level 'ServerLevel[New World]'/minecraft:the_end
[18:34:56] [Render thread/INFO] (fzzy_config) Saved config general to file /home/princ/IdeaProjects/Anemos/dev/run/config/anemos/general.toml
[18:34:56] [Render thread/INFO] (fzzy_config) Saved config internal to file /home/princ/IdeaProjects/Anemos/dev/run/config/anemos/internal.toml
[18:34:56] [Server thread/INFO] (Minecraft) Saving and pausing game...
[18:34:56] [Server thread/INFO] (Minecraft) Saving chunks for level 'ServerLevel[New World]'/minecraft:overworld
[18:34:56] [Server thread/INFO] (Minecraft) Saving chunks for level 'ServerLevel[New World]'/minecraft:the_nether
[18:34:56] [Server thread/INFO] (Minecraft) Saving chunks for level 'ServerLevel[New World]'/minecraft:the_end
[18:34:57] [Server thread/INFO] (Minecraft) Saving and pausing game...
[18:34:57] [Server thread/INFO] (Minecraft) Saving chunks for level 'ServerLevel[New World]'/minecraft:overworld
[18:34:57] [Server thread/INFO] (Minecraft) Saving chunks for level 'ServerLevel[New World]'/minecraft:the_nether
[18:34:57] [Server thread/INFO] (Minecraft) Saving chunks for level 'ServerLevel[New World]'/minecraft:the_end
[18:34:59] [Render thread/INFO] (fzzy_config) Loaded config fzzy_config:search in 12ms
[18:35:11] [Render thread/INFO] (fzzy_config) Saved config general to file /home/princ/IdeaProjects/Anemos/dev/run/config/anemos/general.toml
[18:35:11] [Render thread/INFO] (fzzy_config) $$$$$$$$$$$$$$$$$$$$$$$$$$
[18:35:11] [Render thread/INFO] (fzzy_config) Completed updates for configs: [anemos.general]
[18:35:11] [Render thread/INFO] (fzzy_config) Updates made by: Player12
[18:35:11] [Render thread/INFO] (fzzy_config) -------------------------
[18:35:11] [Render thread/INFO] (fzzy_config)   Updated scope [anemos.general.fakeNightVision.fog] at [09/10/25 18:35]: [Fog], [false] to [true]
[18:35:11] [Render thread/INFO] (fzzy_config) $$$$$$$$$$$$$$$$$$$$$$$$$$
[18:35:14] [Render thread/INFO] (fzzy_config) Saved config general to file /home/princ/IdeaProjects/Anemos/dev/run/config/anemos/general.toml
[18:35:14] [Render thread/INFO] (fzzy_config) Saved config internal to file /home/princ/IdeaProjects/Anemos/dev/run/config/anemos/internal.toml
[18:35:16] [Render thread/INFO] (fzzy_config) Saved config general to file /home/princ/IdeaProjects/Anemos/dev/run/config/anemos/general.toml
[18:35:16] [Render thread/INFO] (fzzy_config) Saved config internal to file /home/princ/IdeaProjects/Anemos/dev/run/config/anemos/internal.toml
[18:35:19] [Render thread/INFO] (fzzy_config) Saved config general to file /home/princ/IdeaProjects/Anemos/dev/run/config/anemos/general.toml
[18:35:19] [Render thread/INFO] (fzzy_config) Saved config internal to file /home/princ/IdeaProjects/Anemos/dev/run/config/anemos/internal.toml
[18:35:20] [Server thread/INFO] (Minecraft) Saving and pausing game...
[18:35:20] [Server thread/INFO] (Minecraft) Saving chunks for level 'ServerLevel[New World]'/minecraft:overworld
[18:35:20] [Server thread/INFO] (Minecraft) Saving chunks for level 'ServerLevel[New World]'/minecraft:the_nether
[18:35:20] [Server thread/INFO] (Minecraft) Saving chunks for level 'ServerLevel[New World]'/minecraft:the_end
[18:35:27] [Server thread/INFO] (Minecraft) [Player12: Set the time to 1000]
[18:35:27] [Render thread/INFO] (Minecraft) [System] [CHAT] Set the time to 1000
[18:35:31] [Render thread/INFO] (Minecraft) Resizing Dynamic Transforms UBO, capacity limit of 8 reached during a single frame. New capacity will be 16.
[18:35:38] [Server thread/INFO] (Minecraft) [Player12: Applied effect Blindness to Player12]
[18:35:38] [Render thread/INFO] (Minecraft) [System] [CHAT] Applied effect Blindness to Player12
[18:35:39] [Render thread/INFO] (fzzy_config) Saved config general to file /home/princ/IdeaProjects/Anemos/dev/run/config/anemos/general.toml
[18:35:40] [Render thread/INFO] (fzzy_config) Saved config general to file /home/princ/IdeaProjects/Anemos/dev/run/config/anemos/general.toml
[18:35:40] [Render thread/INFO] (fzzy_config) Saved config general to file /home/princ/IdeaProjects/Anemos/dev/run/config/anemos/general.toml
[18:35:54] [Render thread/INFO] (fzzy_config) Saved config general to file /home/princ/IdeaProjects/Anemos/dev/run/config/anemos/general.toml
[18:35:54] [Render thread/INFO] (fzzy_config) Saved config general to file /home/princ/IdeaProjects/Anemos/dev/run/config/anemos/general.toml
[18:35:56] [Render thread/INFO] (fzzy_config) Saved config general to file /home/princ/IdeaProjects/Anemos/dev/run/config/anemos/general.toml
[18:36:00] [Server thread/INFO] (Minecraft) [Player12: Removed every effect from Player12]
[18:36:00] [Render thread/INFO] (Minecraft) [System] [CHAT] Removed every effect from Player12
[18:36:03] [Server thread/INFO] (Minecraft) [Player12: Applied effect Darkness to Player12]
[18:36:03] [Render thread/INFO] (Minecraft) [System] [CHAT] Applied effect Darkness to Player12
[18:36:04] [Render thread/INFO] (fzzy_config) Saved config general to file /home/princ/IdeaProjects/Anemos/dev/run/config/anemos/general.toml
[18:36:05] [Render thread/INFO] (fzzy_config) Saved config general to file /home/princ/IdeaProjects/Anemos/dev/run/config/anemos/general.toml
[18:36:07] [Render thread/INFO] (fzzy_config) Saved config general to file /home/princ/IdeaProjects/Anemos/dev/run/config/anemos/general.toml
[18:36:07] [Render thread/INFO] (fzzy_config) Saved config general to file /home/princ/IdeaProjects/Anemos/dev/run/config/anemos/general.toml
[18:36:08] [Render thread/INFO] (Minecraft) Stopping!
[18:36:08] [Server thread/INFO] (Minecraft) Player12 lost connection: Disconnected
[18:36:08] [Server thread/INFO] (Minecraft) Player12 left the game
[18:36:08] [Server thread/INFO] (Minecraft) Stopping singleplayer server as player logged out
[18:36:09] [Server thread/INFO] (Minecraft) Stopping server
[18:36:09] [Server thread/INFO] (Minecraft) Saving players
[18:36:09] [Server thread/INFO] (Minecraft) Saving worlds
[18:36:09] [Server thread/INFO] (Minecraft) Saving chunks for level 'ServerLevel[New World]'/minecraft:overworld
[18:36:09] [Server thread/INFO] (Minecraft) Saving chunks for level 'ServerLevel[New World]'/minecraft:the_nether
[18:36:09] [Server thread/INFO] (Minecraft) Saving chunks for level 'ServerLevel[New World]'/minecraft:the_end
[18:36:09] [Server thread/INFO] (Minecraft) ThreadedAnvilChunkStorage (New World): All chunks are saved
[18:36:09] [Server thread/INFO] (Minecraft) ThreadedAnvilChunkStorage (DIM-1): All chunks are saved
[18:36:09] [Server thread/INFO] (Minecraft) ThreadedAnvilChunkStorage (DIM1): All chunks are saved
[18:36:09] [Server thread/INFO] (Minecraft) ThreadedAnvilChunkStorage: All dimensions are saved
[18:36:09] [Render thread/INFO] (ChunkBuilder) Stopping worker threads
